Could not open input file: spark

CodeIgniter v4.5.5 Command Line Tool - Server Time: 2024-12-08 04:36:44 UTC+00:00


**** Running Tasks... ****

[2024-12-08 04:36:44] Processing: scheduleActivity
[2024-12-08 04:36:44] Executed: scheduleActivity

**** Completed ****


CodeIgniter v4.5.5 Command Line Tool - Server Time: 2024-12-08 04:40:01 UTC+00:00


**** Running Tasks... ****

[2024-12-08 04:40:01] Processing: scheduleActivity
[2024-12-08 04:40:01] Executed: scheduleActivity

**** Completed ****


CodeIgniter v4.5.5 Command Line Tool - Server Time: 2024-12-08 04:45:01 UTC+00:00


**** Running Tasks... ****

[2024-12-08 04:45:02] Processing: scheduleActivity
[2024-12-08 04:45:02] Executed: scheduleActivity

**** Completed ****


CodeIgniter v4.5.5 Command Line Tool - Server Time: 2024-12-08 04:50:01 UTC+00:00


**** Running Tasks... ****

[2024-12-08 04:50:02] Processing: scheduleActivity
[2024-12-08 04:50:02] Executed: scheduleActivity

**** Completed ****


CodeIgniter v4.5.5 Command Line Tool - Server Time: 2024-12-08 04:55:02 UTC+00:00


**** Running Tasks... ****

[2024-12-08 04:55:02] Processing: scheduleActivity
[2024-12-08 04:55:02] Executed: scheduleActivity

**** Completed ****


CodeIgniter v4.5.5 Command Line Tool - Server Time: 2024-12-08 05:00:02 UTC+00:00


**** Running Tasks... ****

[2024-12-08 05:00:03] Processing: scheduleActivity
[2024-12-08 05:00:03] Executed: scheduleActivity

**** Completed ****


CodeIgniter v4.5.5 Command Line Tool - Server Time: 2024-12-08 05:05:02 UTC+00:00


**** Running Tasks... ****

[2024-12-08 05:05:02] Processing: scheduleActivity
[2024-12-08 05:05:02] Executed: scheduleActivity

**** Completed ****


CodeIgniter v4.5.5 Command Line Tool - Server Time: 2024-12-08 05:10:02 UTC+00:00


**** Running Tasks... ****

[2024-12-08 05:10:02] Processing: scheduleActivity
[2024-12-08 05:10:02] Executed: scheduleActivity

**** Completed ****


CodeIgniter v4.5.5 Command Line Tool - Server Time: 2024-12-08 05:15:02 UTC+00:00


**** Running Tasks... ****

[2024-12-08 05:15:02] Processing: scheduleActivity
[2024-12-08 05:15:02] Executed: scheduleActivity

**** Completed ****


CodeIgniter v4.5.5 Command Line Tool - Server Time: 2024-12-08 05:20:01 UTC+00:00


**** Running Tasks... ****

[2024-12-08 05:20:02] Processing: scheduleActivity
[2024-12-08 05:20:02] Executed: scheduleActivity

**** Completed ****


CodeIgniter v4.5.5 Command Line Tool - Server Time: 2024-12-08 05:25:02 UTC+00:00


**** Running Tasks... ****

[2024-12-08 05:25:04] Processing: scheduleActivity
[2024-12-08 05:25:04] Executed: scheduleActivity

**** Completed ****


CodeIgniter v4.5.5 Command Line Tool - Server Time: 2024-12-08 05:30:02 UTC+00:00


**** Running Tasks... ****

[2024-12-08 05:30:02] Processing: scheduleActivity
[2024-12-08 05:30:02] Executed: scheduleActivity

**** Completed ****


CodeIgniter v4.5.5 Command Line Tool - Server Time: 2024-12-08 05:35:02 UTC+00:00


**** Running Tasks... ****

[2024-12-08 05:35:02] Processing: scheduleActivity
[2024-12-08 05:35:03] Executed: scheduleActivity

**** Completed ****


CodeIgniter v4.5.5 Command Line Tool - Server Time: 2024-12-08 05:40:02 UTC+00:00


**** Running Tasks... ****

[2024-12-08 05:40:02] Processing: scheduleActivity
[2024-12-08 05:40:03] Executed: scheduleActivity

**** Completed ****


CodeIgniter v4.5.5 Command Line Tool - Server Time: 2024-12-08 05:45:02 UTC+00:00


**** Running Tasks... ****

[2024-12-08 05:45:02] Processing: scheduleActivity
[2024-12-08 05:45:02] Executed: scheduleActivity

**** Completed ****


CodeIgniter v4.5.5 Command Line Tool - Server Time: 2024-12-08 05:50:02 UTC+00:00


**** Running Tasks... ****

[2024-12-08 05:50:03] Processing: scheduleActivity
[2024-12-08 05:50:03] Executed: scheduleActivity

**** Completed ****


CodeIgniter v4.5.5 Command Line Tool - Server Time: 2024-12-08 05:55:03 UTC+00:00


**** Running Tasks... ****

[2024-12-08 05:55:04] Processing: scheduleActivity
[2024-12-08 05:55:04] Executed: scheduleActivity

**** Completed ****


CodeIgniter v4.5.5 Command Line Tool - Server Time: 2024-12-08 06:00:01 UTC+00:00


**** Running Tasks... ****

[2024-12-08 06:00:02] Processing: scheduleActivity
[2024-12-08 06:00:02] Executed: scheduleActivity

**** Completed ****


CodeIgniter v4.5.5 Command Line Tool - Server Time: 2024-12-08 06:05:02 UTC+00:00


**** Running Tasks... ****

[2024-12-08 06:05:02] Processing: scheduleActivity
[2024-12-08 06:05:02] Executed: scheduleActivity

**** Completed ****


CodeIgniter v4.5.5 Command Line Tool - Server Time: 2024-12-08 06:10:02 UTC+00:00


**** Running Tasks... ****

[2024-12-08 06:10:02] Processing: scheduleActivity
[2024-12-08 06:10:02] Executed: scheduleActivity

**** Completed ****


CodeIgniter v4.5.5 Command Line Tool - Server Time: 2024-12-08 06:15:03 UTC+00:00


**** Running Tasks... ****

[2024-12-08 06:15:04] Processing: scheduleActivity
[2024-12-08 06:15:05] Executed: scheduleActivity

**** Completed ****


CodeIgniter v4.5.5 Command Line Tool - Server Time: 2024-12-08 06:20:02 UTC+00:00


**** Running Tasks... ****

[2024-12-08 06:20:02] Processing: scheduleActivity
[2024-12-08 06:20:02] Executed: scheduleActivity

**** Completed ****


CodeIgniter v4.5.5 Command Line Tool - Server Time: 2024-12-08 06:25:02 UTC+00:00


**** Running Tasks... ****

[2024-12-08 06:25:02] Processing: scheduleActivity
[2024-12-08 06:25:02] Executed: scheduleActivity

**** Completed ****


CodeIgniter v4.5.5 Command Line Tool - Server Time: 2024-12-08 06:30:01 UTC+00:00


**** Running Tasks... ****

[2024-12-08 06:30:02] Processing: scheduleActivity
[2024-12-08 06:30:02] Executed: scheduleActivity

**** Completed ****


CodeIgniter v4.5.5 Command Line Tool - Server Time: 2024-12-08 06:35:03 UTC+00:00


**** Running Tasks... ****

[2024-12-08 06:35:04] Processing: scheduleActivity
[2024-12-08 06:35:04] Executed: scheduleActivity

**** Completed ****


CodeIgniter v4.5.5 Command Line Tool - Server Time: 2024-12-08 06:40:01 UTC+00:00


**** Running Tasks... ****

[2024-12-08 06:40:02] Processing: scheduleActivity
[2024-12-08 06:40:02] Executed: scheduleActivity

**** Completed ****


CodeIgniter v4.5.5 Command Line Tool - Server Time: 2024-12-08 06:45:03 UTC+00:00


**** Running Tasks... ****

[2024-12-08 06:45:03] Processing: scheduleActivity
[2024-12-08 06:45:04] Executed: scheduleActivity

**** Completed ****


CodeIgniter v4.5.5 Command Line Tool - Server Time: 2024-12-08 06:50:01 UTC+00:00


**** Running Tasks... ****

[2024-12-08 06:50:02] Processing: scheduleActivity
[2024-12-08 06:50:02] Executed: scheduleActivity

**** Completed ****


CodeIgniter v4.5.5 Command Line Tool - Server Time: 2024-12-08 06:55:02 UTC+00:00


**** Running Tasks... ****

[2024-12-08 06:55:02] Processing: scheduleActivity
[2024-12-08 06:55:02] Executed: scheduleActivity

**** Completed ****


CodeIgniter v4.5.5 Command Line Tool - Server Time: 2024-12-08 07:00:02 UTC+00:00


**** Running Tasks... ****

[2024-12-08 07:00:02] Processing: scheduleActivity
[2024-12-08 07:00:02] Executed: scheduleActivity

**** Completed ****


CodeIgniter v4.5.5 Command Line Tool - Server Time: 2024-12-08 07:05:03 UTC+00:00


**** Running Tasks... ****

[2024-12-08 07:05:03] Processing: scheduleActivity
[2024-12-08 07:05:03] Executed: scheduleActivity

**** Completed ****


CodeIgniter v4.5.5 Command Line Tool - Server Time: 2024-12-08 07:10:04 UTC+00:00


**** Running Tasks... ****

[2024-12-08 07:10:04] Processing: scheduleActivity
[2024-12-08 07:10:04] Executed: scheduleActivity

**** Completed ****


CodeIgniter v4.5.5 Command Line Tool - Server Time: 2024-12-08 07:15:02 UTC+00:00


**** Running Tasks... ****

[2024-12-08 07:15:02] Processing: scheduleActivity
[2024-12-08 07:15:02] Executed: scheduleActivity

**** Completed ****


CodeIgniter v4.5.5 Command Line Tool - Server Time: 2024-12-08 07:20:02 UTC+00:00


**** Running Tasks... ****

[2024-12-08 07:20:02] Processing: scheduleActivity
[2024-12-08 07:20:02] Executed: scheduleActivity

**** Completed ****


CodeIgniter v4.5.5 Command Line Tool - Server Time: 2024-12-08 07:25:03 UTC+00:00


**** Running Tasks... ****

[2024-12-08 07:25:03] Processing: scheduleActivity
[2024-12-08 07:25:03] Executed: scheduleActivity

**** Completed ****


CodeIgniter v4.5.5 Command Line Tool - Server Time: 2024-12-08 07:30:02 UTC+00:00


**** Running Tasks... ****

[2024-12-08 07:30:02] Processing: scheduleActivity
[2024-12-08 07:30:02] Executed: scheduleActivity

**** Completed ****


CodeIgniter v4.5.5 Command Line Tool - Server Time: 2024-12-08 07:35:02 UTC+00:00


**** Running Tasks... ****

[2024-12-08 07:35:03] Processing: scheduleActivity
[2024-12-08 07:35:03] Executed: scheduleActivity

**** Completed ****


CodeIgniter v4.5.5 Command Line Tool - Server Time: 2024-12-08 07:40:01 UTC+00:00


**** Running Tasks... ****

[2024-12-08 07:40:02] Processing: scheduleActivity
[2024-12-08 07:40:02] Executed: scheduleActivity

**** Completed ****


CodeIgniter v4.5.5 Command Line Tool - Server Time: 2024-12-08 07:45:04 UTC+00:00


**** Running Tasks... ****

[2024-12-08 07:45:04] Processing: scheduleActivity
[2024-12-08 07:45:05] Executed: scheduleActivity

**** Completed ****


CodeIgniter v4.5.5 Command Line Tool - Server Time: 2024-12-08 07:50:01 UTC+00:00


**** Running Tasks... ****

[2024-12-08 07:50:02] Processing: scheduleActivity
[2024-12-08 07:50:02] Executed: scheduleActivity

**** Completed ****


CodeIgniter v4.5.5 Command Line Tool - Server Time: 2024-12-08 07:55:02 UTC+00:00


**** Running Tasks... ****

[2024-12-08 07:55:03] Processing: scheduleActivity
[2024-12-08 07:55:03] Executed: scheduleActivity

**** Completed ****


CodeIgniter v4.5.5 Command Line Tool - Server Time: 2024-12-08 08:00:02 UTC+00:00


**** Running Tasks... ****

[2024-12-08 08:00:03] Processing: scheduleActivity
[2024-12-08 08:00:04] Executed: scheduleActivity

**** Completed ****


CodeIgniter v4.5.5 Command Line Tool - Server Time: 2024-12-08 08:05:02 UTC+00:00


**** Running Tasks... ****

[2024-12-08 08:05:02] Processing: scheduleActivity
[2024-12-08 08:05:02] Executed: scheduleActivity

**** Completed ****


CodeIgniter v4.5.5 Command Line Tool - Server Time: 2024-12-08 08:10:02 UTC+00:00


**** Running Tasks... ****

[2024-12-08 08:10:04] Processing: scheduleActivity
[2024-12-08 08:10:05] Executed: scheduleActivity

**** Completed ****


CodeIgniter v4.5.5 Command Line Tool - Server Time: 2024-12-08 08:15:03 UTC+00:00


**** Running Tasks... ****

[2024-12-08 08:15:03] Processing: scheduleActivity
[2024-12-08 08:15:04] Executed: scheduleActivity

**** Completed ****


CodeIgniter v4.5.5 Command Line Tool - Server Time: 2024-12-08 08:20:01 UTC+00:00


**** Running Tasks... ****

[2024-12-08 08:20:02] Processing: scheduleActivity
[2024-12-08 08:20:02] Executed: scheduleActivity

**** Completed ****


CodeIgniter v4.5.5 Command Line Tool - Server Time: 2024-12-08 08:25:02 UTC+00:00


**** Running Tasks... ****

[2024-12-08 08:25:03] Processing: scheduleActivity
[2024-12-08 08:25:03] Executed: scheduleActivity

**** Completed ****


CodeIgniter v4.5.5 Command Line Tool - Server Time: 2024-12-08 08:30:02 UTC+00:00


**** Running Tasks... ****

[2024-12-08 08:30:03] Processing: scheduleActivity
[2024-12-08 08:30:03] Executed: scheduleActivity

**** Completed ****


CodeIgniter v4.5.5 Command Line Tool - Server Time: 2024-12-08 08:35:02 UTC+00:00


**** Running Tasks... ****

[2024-12-08 08:35:02] Processing: scheduleActivity
[2024-12-08 08:35:02] Executed: scheduleActivity

**** Completed ****


CodeIgniter v4.5.5 Command Line Tool - Server Time: 2024-12-08 08:40:02 UTC+00:00


**** Running Tasks... ****

[2024-12-08 08:40:02] Processing: scheduleActivity
[2024-12-08 08:40:02] Executed: scheduleActivity

**** Completed ****


CodeIgniter v4.5.5 Command Line Tool - Server Time: 2024-12-08 08:45:02 UTC+00:00


**** Running Tasks... ****

[2024-12-08 08:45:02] Processing: scheduleActivity
[2024-12-08 08:45:02] Executed: scheduleActivity

**** Completed ****


CodeIgniter v4.5.5 Command Line Tool - Server Time: 2024-12-08 08:50:02 UTC+00:00


**** Running Tasks... ****

[2024-12-08 08:50:02] Processing: scheduleActivity
[2024-12-08 08:50:02] Executed: scheduleActivity

**** Completed ****


CodeIgniter v4.5.5 Command Line Tool - Server Time: 2024-12-08 08:55:02 UTC+00:00


**** Running Tasks... ****

[2024-12-08 08:55:02] Processing: scheduleActivity
[2024-12-08 08:55:02] Executed: scheduleActivity

**** Completed ****


CodeIgniter v4.5.5 Command Line Tool - Server Time: 2024-12-08 09:00:02 UTC+00:00


**** Running Tasks... ****

[2024-12-08 09:00:02] Processing: scheduleActivity
[2024-12-08 09:00:02] Executed: scheduleActivity

**** Completed ****


CodeIgniter v4.5.5 Command Line Tool - Server Time: 2024-12-08 09:05:03 UTC+00:00


**** Running Tasks... ****

[2024-12-08 09:05:03] Processing: scheduleActivity
[2024-12-08 09:05:03] Executed: scheduleActivity

**** Completed ****


CodeIgniter v4.5.5 Command Line Tool - Server Time: 2024-12-08 09:10:02 UTC+00:00


**** Running Tasks... ****

[2024-12-08 09:10:03] Processing: scheduleActivity
[2024-12-08 09:10:03] Executed: scheduleActivity

**** Completed ****


CodeIgniter v4.5.5 Command Line Tool - Server Time: 2024-12-08 09:15:02 UTC+00:00


**** Running Tasks... ****

[2024-12-08 09:15:02] Processing: scheduleActivity
[2024-12-08 09:15:02] Executed: scheduleActivity

**** Completed ****


CodeIgniter v4.5.5 Command Line Tool - Server Time: 2024-12-08 09:20:02 UTC+00:00


**** Running Tasks... ****

[2024-12-08 09:20:02] Processing: scheduleActivity
[2024-12-08 09:20:02] Executed: scheduleActivity

**** Completed ****


CodeIgniter v4.5.5 Command Line Tool - Server Time: 2024-12-08 09:25:02 UTC+00:00


**** Running Tasks... ****

[2024-12-08 09:25:02] Processing: scheduleActivity
[2024-12-08 09:25:03] Executed: scheduleActivity

**** Completed ****


CodeIgniter v4.5.5 Command Line Tool - Server Time: 2024-12-08 09:30:03 UTC+00:00


**** Running Tasks... ****

[2024-12-08 09:30:03] Processing: scheduleActivity
[2024-12-08 09:30:03] Executed: scheduleActivity

**** Completed ****


CodeIgniter v4.5.5 Command Line Tool - Server Time: 2024-12-08 09:35:02 UTC+00:00


**** Running Tasks... ****

[2024-12-08 09:35:02] Processing: scheduleActivity
[2024-12-08 09:35:02] Executed: scheduleActivity

**** Completed ****


CodeIgniter v4.5.5 Command Line Tool - Server Time: 2024-12-08 09:42:32 UTC+00:00


**** Running Tasks... ****

[2024-12-08 09:42:36] Processing: scheduleActivity
[2024-12-08 09:42:37] Executed: scheduleActivity

**** Completed ****


CodeIgniter v4.5.5 Command Line Tool - Server Time: 2024-12-08 09:45:02 UTC+00:00


**** Running Tasks... ****

[2024-12-08 09:45:03] Processing: scheduleActivity
[2024-12-08 09:45:03] Executed: scheduleActivity

**** Completed ****


CodeIgniter v4.5.5 Command Line Tool - Server Time: 2024-12-08 12:05:21 UTC+00:00


**** Running Tasks... ****

[2024-12-08 12:05:40] Processing: scheduleActivity
[2024-12-08 12:05:41] Executed: scheduleActivity

**** Completed ****


CodeIgniter v4.5.5 Command Line Tool - Server Time: 2024-12-08 12:10:08 UTC+00:00


**** Running Tasks... ****

[2024-12-08 12:10:09] Processing: scheduleActivity
[2024-12-08 12:10:10] Executed: scheduleActivity

**** Completed ****


CodeIgniter v4.5.5 Command Line Tool - Server Time: 2024-12-08 12:15:03 UTC+00:00


**** Running Tasks... ****


**** Completed ****


CodeIgniter v4.5.5 Command Line Tool - Server Time: 2024-12-08 12:20:03 UTC+00:00


**** Running Tasks... ****


**** Completed ****


CodeIgniter v4.5.5 Command Line Tool - Server Time: 2024-12-08 12:25:03 UTC+00:00


**** Running Tasks... ****


**** Completed ****


CodeIgniter v4.5.5 Command Line Tool - Server Time: 2024-12-08 12:30:01 UTC+00:00


**** Running Tasks... ****


**** Completed ****


CodeIgniter v4.5.5 Command Line Tool - Server Time: 2024-12-08 12:35:02 UTC+00:00


**** Running Tasks... ****


**** Completed ****


CodeIgniter v4.5.5 Command Line Tool - Server Time: 2024-12-08 12:40:02 UTC+00:00


**** Running Tasks... ****


**** Completed ****


CodeIgniter v4.5.5 Command Line Tool - Server Time: 2024-12-08 12:45:04 UTC+00:00


**** Running Tasks... ****


**** Completed ****


CodeIgniter v4.5.5 Command Line Tool - Server Time: 2024-12-08 12:50:02 UTC+00:00


**** Running Tasks... ****


**** Completed ****


CodeIgniter v4.5.5 Command Line Tool - Server Time: 2024-12-08 12:55:02 UTC+00:00


**** Running Tasks... ****


**** Completed ****


CodeIgniter v4.5.5 Command Line Tool - Server Time: 2024-12-08 13:00:02 UTC+00:00


**** Running Tasks... ****

[2024-12-08 13:00:02] Processing: scheduleActivity
[2024-12-08 13:00:03] Executed: scheduleActivity

**** Completed ****


CodeIgniter v4.5.5 Command Line Tool - Server Time: 2024-12-08 13:05:02 UTC+00:00


**** Running Tasks... ****


**** Completed ****


CodeIgniter v4.5.5 Command Line Tool - Server Time: 2024-12-08 13:10:02 UTC+00:00


**** Running Tasks... ****


**** Completed ****


CodeIgniter v4.5.5 Command Line Tool - Server Time: 2024-12-08 13:15:02 UTC+00:00


**** Running Tasks... ****


**** Completed ****


CodeIgniter v4.5.5 Command Line Tool - Server Time: 2024-12-08 13:20:02 UTC+00:00


**** Running Tasks... ****


**** Completed ****


CodeIgniter v4.5.5 Command Line Tool - Server Time: 2024-12-08 13:25:02 UTC+00:00


**** Running Tasks... ****


**** Completed ****


CodeIgniter v4.5.5 Command Line Tool - Server Time: 2024-12-08 13:30:02 UTC+00:00


**** Running Tasks... ****


**** Completed ****


CodeIgniter v4.5.5 Command Line Tool - Server Time: 2024-12-08 13:35:02 UTC+00:00


**** Running Tasks... ****


**** Completed ****


CodeIgniter v4.5.5 Command Line Tool - Server Time: 2024-12-08 13:40:03 UTC+00:00


**** Running Tasks... ****


**** Completed ****


CodeIgniter v4.5.5 Command Line Tool - Server Time: 2024-12-08 13:45:02 UTC+00:00


**** Running Tasks... ****


**** Completed ****


CodeIgniter v4.5.5 Command Line Tool - Server Time: 2024-12-08 13:50:03 UTC+00:00


**** Running Tasks... ****


**** Completed ****


CodeIgniter v4.5.5 Command Line Tool - Server Time: 2024-12-08 13:55:02 UTC+00:00


**** Running Tasks... ****


**** Completed ****


CodeIgniter v4.5.5 Command Line Tool - Server Time: 2024-12-08 14:00:04 UTC+00:00


**** Running Tasks... ****

[2024-12-08 14:00:05] Processing: scheduleActivity
[2024-12-08 14:00:06] Executed: scheduleActivity

**** Completed ****


CodeIgniter v4.5.5 Command Line Tool - Server Time: 2024-12-08 14:05:03 UTC+00:00


**** Running Tasks... ****


**** Completed ****


CodeIgniter v4.5.5 Command Line Tool - Server Time: 2024-12-08 14:10:06 UTC+00:00


**** Running Tasks... ****


**** Completed ****


CodeIgniter v4.5.5 Command Line Tool - Server Time: 2024-12-08 14:15:07 UTC+00:00


**** Running Tasks... ****


**** Completed ****


CodeIgniter v4.5.5 Command Line Tool - Server Time: 2024-12-08 14:20:02 UTC+00:00


**** Running Tasks... ****


**** Completed ****


CodeIgniter v4.5.5 Command Line Tool - Server Time: 2024-12-08 14:25:02 UTC+00:00


**** Running Tasks... ****


**** Completed ****


CodeIgniter v4.5.5 Command Line Tool - Server Time: 2024-12-08 14:30:08 UTC+00:00


**** Running Tasks... ****


**** Completed ****


CodeIgniter v4.5.5 Command Line Tool - Server Time: 2024-12-08 14:35:02 UTC+00:00


**** Running Tasks... ****


**** Completed ****


CodeIgniter v4.5.5 Command Line Tool - Server Time: 2024-12-08 14:40:02 UTC+00:00


**** Running Tasks... ****


**** Completed ****


CodeIgniter v4.5.5 Command Line Tool - Server Time: 2024-12-08 14:45:04 UTC+00:00


**** Running Tasks... ****


**** Completed ****


CodeIgniter v4.5.5 Command Line Tool - Server Time: 2024-12-08 14:50:02 UTC+00:00


**** Running Tasks... ****


**** Completed ****


CodeIgniter v4.5.5 Command Line Tool - Server Time: 2024-12-08 15:00:04 UTC+00:00


**** Running Tasks... ****

[2024-12-08 15:00:06] Processing: scheduleActivity
[2024-12-08 15:00:07] Executed: scheduleActivity

**** Completed ****


CodeIgniter v4.5.5 Command Line Tool - Server Time: 2024-12-08 16:00:05 UTC+00:00


**** Running Tasks... ****

[2024-12-08 16:00:07] Processing: scheduleActivity
[2024-12-08 16:00:07] Executed: scheduleActivity

**** Completed ****


CodeIgniter v4.5.5 Command Line Tool - Server Time: 2024-12-08 17:00:03 UTC+00:00


**** Running Tasks... ****

[2024-12-08 17:00:04] Processing: scheduleActivity
[2024-12-08 17:00:05] Executed: scheduleActivity

**** Completed ****


CodeIgniter v4.5.5 Command Line Tool - Server Time: 2024-12-08 18:00:05 UTC+00:00


**** Running Tasks... ****

[2024-12-08 18:00:06] Processing: scheduleActivity
[2024-12-08 18:00:08] Executed: scheduleActivity

**** Completed ****


CodeIgniter v4.5.5 Command Line Tool - Server Time: 2024-12-08 19:00:08 UTC+00:00


**** Running Tasks... ****

[2024-12-08 19:00:11] Processing: scheduleActivity
[2024-12-08 19:00:12] Executed: scheduleActivity

**** Completed ****


CodeIgniter v4.5.5 Command Line Tool - Server Time: 2024-12-08 20:00:08 UTC+00:00


**** Running Tasks... ****

[2024-12-08 20:00:12] Processing: scheduleActivity
[2024-12-08 20:00:12] Executed: scheduleActivity

**** Completed ****


CodeIgniter v4.5.5 Command Line Tool - Server Time: 2024-12-08 21:00:07 UTC+00:00


**** Running Tasks... ****

[2024-12-08 21:00:10] Processing: scheduleActivity
[2024-12-08 21:00:11] Executed: scheduleActivity

**** Completed ****


CodeIgniter v4.5.5 Command Line Tool - Server Time: 2024-12-08 22:00:03 UTC+00:00


**** Running Tasks... ****

[2024-12-08 22:00:05] Processing: scheduleActivity
[2024-12-08 22:00:05] Executed: scheduleActivity

**** Completed ****


CodeIgniter v4.5.5 Command Line Tool - Server Time: 2024-12-08 23:00:05 UTC+00:00


**** Running Tasks... ****

[2024-12-08 23:00:08] Processing: scheduleActivity
[2024-12-08 23:00:10] Executed: scheduleActivity

**** Completed ****


CodeIgniter v4.5.5 Command Line Tool - Server Time: 2024-12-09 04:00:05 UTC+00:00


**** Running Tasks... ****

[2024-12-09 04:00:09] Processing: scheduleActivity
[2024-12-09 04:00:14] Failed: scheduleActivity

**** Completed ****

